<!DOCTYPE html><div style="color: #000000">[29.04.2025 04:11:37.523][INFO] ---------------Запуск кейса 'Создание задачи'---------------</div>
<div style="color: #000000">[29.04.2025 04:11:37.534][INFO] OpenUri: https://www.google.ru/?hl=ru</div>
<div style="color: #000000">[29.04.2025 04:11:41.348][INFO] Ожидание отображения элемента 'Поле для ввода логина' локаторы: //input[@id='login' or @name='USER_LOGIN']</div>
<div style="color: #000000">[29.04.2025 04:11:48.119][INFO] Достигнут таймаут ожидания</div>
<div style="color: #000000">[29.04.2025 04:11:48.131][INFO] Ввод текста 'nastya.redkina.2004@mail.ru' в элемент: 'Поле для ввода логина' локаторы: //input[@id='login' or @name='USER_LOGIN']</div>
<div style="color: #FF0000">[29.04.2025 04:11:58.434][ERROR] Кейс не пройден, причина:</div>
<div style="color: #FF0000">OpenQA.Selenium.NoSuchElementException: no such element: Unable to locate element: {"method":"xpath","selector":"//input[@id='login' or @name='USER_LOGIN']"}</div>
<div style="color: #FF0000">(Session info: chrome=133.0.6943.127); For documentation on this error, please visit: https://www.selenium.dev/documentation/webdriver/troubleshooting/errors#no-such-element-exception</div>
<div style="color: #FF0000">at OpenQA.Selenium.WebDriver.UnpackAndThrowOnError(Response errorResponse, String commandToExecute)</div>
<div style="color: #FF0000">at OpenQA.Selenium.WebDriver.ExecuteAsync(String driverCommandToExecute, Dictionary`2 parameters)</div>
<div style="color: #FF0000">at OpenQA.Selenium.WebDriver.Execute(String driverCommandToExecute, Dictionary`2 parameters)</div>
<div style="color: #FF0000">at OpenQA.Selenium.WebDriver.FindElement(String mechanism, String value)</div>
<div style="color: #FF0000">at OpenQA.Selenium.By.<.ctor>b__11_0(ISearchContext context)</div>
<div style="color: #FF0000">at OpenQA.Selenium.By.FindElement(ISearchContext context)</div>
<div style="color: #FF0000">at OpenQA.Selenium.WebDriver.FindElement(By by)</div>
<div style="color: #FF0000">at atFrameWork2.SeleniumFramework.BaseItem.Execute(Action`2 seleniumCode, IWebDriver driver, Boolean throwAtDebug) in C:\Users\Сергей\Desktop\Bitrix\Bitrix24\ATlearning\ATframework3demo\SeleniumFramework\BaseItem.cs:line 129</div>
<div style="color: #FF0000">at atFrameWork2.SeleniumFramework.BaseItem.SendKeys(String textToInput, IWebDriver driver, Boolean logInputtedText) in C:\Users\Сергей\Desktop\Bitrix\Bitrix24\ATlearning\ATframework3demo\SeleniumFramework\BaseItem.cs:line 109</div>
<div style="color: #FF0000">at atFrameWork2.PageObjects.PortalLoginPage.Login(User admin) in C:\Users\Сергей\Desktop\Bitrix\Bitrix24\ATlearning\ATframework3demo\PageObjects\PortalLoginPage.cs:line 27</div>
<div style="color: #FF0000">at atFrameWork2.BaseFramework.TestCase.Execute(PortalInfo testPortal, Action uiRefresher) in C:\Users\Сергей\Desktop\Bitrix\Bitrix24\ATlearning\ATframework3demo\BaseFramework\TestCase.cs:line 60</div>
<div style="color: #000000">[29.04.2025 04:11:58.437][INFO] ---------------Кейс 'Создание задачи' завершён---------------</div>
